2019-08-01T20:45:36.869508Z 0 [Warning] TIMESTAMP with implicit DEFAULT value is deprecated. Please use --explicit_defaults_for_timestamp server option (see documentation for more details).
2019-08-01T20:45:36.870153Z 0 [Note] /usr/sbin/mysqld (mysqld 5.7.23) starting as process 33 ...
2019-08-01T20:45:36.883218Z 0 [Note] InnoDB: PUNCH HOLE support available
2019-08-01T20:45:36.883272Z 0 [Note] InnoDB: Mutexes and rw_locks use GCC atomic builtins
2019-08-01T20:45:36.883277Z 0 [Note] InnoDB: Uses event mutexes
2019-08-01T20:45:36.883280Z 0 [Note] InnoDB: GCC builtin __atomic_thread_fence() is used for memory barrier
2019-08-01T20:45:36.883283Z 0 [Note] InnoDB: Compressed tables use zlib 1.2.3
2019-08-01T20:45:36.883286Z 0 [Note] InnoDB: Using Linux native AIO
2019-08-01T20:45:36.883549Z 0 [Note] InnoDB: Number of pools: 1
2019-08-01T20:45:36.883649Z 0 [Note] InnoDB: Using CPU crc32 instructions
2019-08-01T20:45:36.885413Z 0 [Note] InnoDB: Initializing buffer pool, total size = 32M, instances = 1, chunk size = 32M
2019-08-01T20:45:36.887734Z 0 [Note] InnoDB: Completed initialization of buffer pool
2019-08-01T20:45:36.899381Z 0 [Note] InnoDB: If the mysqld execution user is authorized, page cleaner thread priority can be changed. See the man page of setpriority().
2019-08-01T20:45:36.911171Z 0 [Note] InnoDB: Highest supported file format is Barracuda.
2019-08-01T20:45:36.911643Z 0 [Note] InnoDB: Log scan progressed past the checkpoint lsn 2588963
2019-08-01T20:45:36.911656Z 0 [Note] InnoDB: Doing recovery: scanned up to log sequence number 2591784
2019-08-01T20:45:36.911953Z 0 [Note] InnoDB: Database was not shutdown normally!
2019-08-01T20:45:36.911960Z 0 [Note] InnoDB: Starting crash recovery.
2019-08-01T20:45:37.050912Z 0 [Note] InnoDB: Starting an apply batch of log records to the database...
InnoDB: Progress in percent: 27 28 29 30 31 32 33 34 35 36 37 38 39 40 41 42 43 44 45 46 47 48 49 50 51 52 53 54 55 56 57 58 59 60 61 62 63 64 65 66 67 68 69 70 71 72 73 74 75 76 77 78 79 80 81 82 83 84 85 86 87 88 89 90 91 92 93 94 95 96 97 98 99 
2019-08-01T20:45:37.054436Z 0 [Note] InnoDB: Apply batch completed
2019-08-01T20:45:37.164745Z 0 [Note] InnoDB: Removed temporary tablespace data file: "ibtmp1"
2019-08-01T20:45:37.164768Z 0 [Note] InnoDB: Creating shared tablespace for temporary tables
2019-08-01T20:45:37.164818Z 0 [Note] InnoDB: Setting file './ibtmp1' size to 12 MB. Physically writing the file full; Please wait ...
2019-08-01T20:45:37.187337Z 0 [Note] InnoDB: File './ibtmp1' size is now 12 MB.
2019-08-01T20:45:37.188364Z 0 [Note] InnoDB: 96 redo rollback segment(s) found. 96 redo rollback segment(s) are active.
2019-08-01T20:45:37.188378Z 0 [Note] InnoDB: 32 non-redo rollback segment(s) are active.
2019-08-01T20:45:37.188765Z 0 [Note] InnoDB: Waiting for purge to start
2019-08-01T20:45:37.239154Z 0 [Note] InnoDB: 5.7.23 started; log sequence number 2591784
2019-08-01T20:45:37.241466Z 0 [Note] Plugin 'FEDERATED' is disabled.
2019-08-01T20:45:37.242428Z 0 [Note] InnoDB: Loading buffer pool(s) from /var/lib/mysql/ib_buffer_pool
2019-08-01T20:45:37.243211Z 0 [Note] InnoDB: Buffer pool(s) load completed at 190801 20:45:37
2019-08-01T20:45:37.248577Z 0 [Warning] Failed to set up SSL because of the following SSL library error: SSL context is not usable without certificate and private key
2019-08-01T20:45:37.248597Z 0 [Note] Server hostname (bind-address): '*'; port: 3306
2019-08-01T20:45:37.249830Z 0 [Note] IPv6 is available.
2019-08-01T20:45:37.250700Z 0 [Note]   - '::' resolves to '::';
2019-08-01T20:45:37.250719Z 0 [Note] Server socket created on IP: '::'.
2019-08-01T20:45:37.251813Z 0 [Warning] Insecure configuration for --pid-file: Location '/var/run/mysqld' in the path is accessible to all OS users. Consider choosing a different directory.
2019-08-01T20:45:37.253459Z 0 [ERROR] /usr/sbin/mysqld: Table './mysql/user' is marked as crashed and should be repaired
2019-08-01T20:45:37.253607Z 0 [Warning] Checking table:   './mysql/user'
2019-08-01T20:45:37.253982Z 0 [ERROR] 1 client is using or hasn't closed the table properly
2019-08-01T20:45:37.254599Z 0 [Warning] 'user' entry 'root@localhost' ignored in --skip-name-resolve mode.
2019-08-01T20:45:37.254621Z 0 [Warning] 'user' entry 'mysql.session@localhost' ignored in --skip-name-resolve mode.
2019-08-01T20:45:37.254626Z 0 [Warning] 'user' entry 'mysql.sys@localhost' ignored in --skip-name-resolve mode.
2019-08-01T20:45:37.254639Z 0 [Warning] 'db' entry 'performance_schema mysql.session@localhost' ignored in --skip-name-resolve mode.
2019-08-01T20:45:37.254642Z 0 [Warning] 'db' entry 'sys mysql.sys@localhost' ignored in --skip-name-resolve mode.
2019-08-01T20:45:37.254648Z 0 [Warning] 'proxies_priv' entry '@ root@localhost' ignored in --skip-name-resolve mode.
2019-08-01T20:45:37.256486Z 0 [Warning] 'tables_priv' entry 'user mysql.session@localhost' ignored in --skip-name-resolve mode.
2019-08-01T20:45:37.256502Z 0 [Warning] 'tables_priv' entry 'sys_config mysql.sys@localhost' ignored in --skip-name-resolve mode.
2019-08-01T20:45:37.270707Z 0 [Note] Event Scheduler: Loaded 0 events
2019-08-01T20:45:37.277112Z 0 [Note] /usr/sbin/mysqld: ready for connections.
Version: '5.7.23'  socket: '/var/run/mysqld/mysqld.sock'  port: 3306  MySQL Community Server (GPL)
2019-08-01T20:45:38.734279Z 4 [ERROR] /usr/sbin/mysqld: Table './mysql/proc' is marked as crashed and should be repaired
2019-08-01T20:45:38.734403Z 4 [Warning] Checking table:   './mysql/proc'
2019-08-01T20:45:38.767927Z 6 [Warning] 'user' entry 'root@localhost' ignored in --skip-name-resolve mode.
2019-08-01T20:45:38.767949Z 6 [Warning] 'user' entry 'mysql.session@localhost' ignored in --skip-name-resolve mode.
2019-08-01T20:45:38.767956Z 6 [Warning] 'user' entry 'mysql.sys@localhost' ignored in --skip-name-resolve mode.
2019-08-01T20:45:38.767970Z 6 [Warning] 'db' entry 'performance_schema mysql.session@localhost' ignored in --skip-name-resolve mode.
2019-08-01T20:45:38.767974Z 6 [Warning] 'db' entry 'sys mysql.sys@localhost' ignored in --skip-name-resolve mode.
2019-08-01T20:45:38.767981Z 6 [Warning] 'proxies_priv' entry '@ root@localhost' ignored in --skip-name-resolve mode.
2019-08-01T20:45:38.768118Z 6 [Warning] 'tables_priv' entry 'user mysql.session@localhost' ignored in --skip-name-resolve mode.
2019-08-01T20:45:38.768262Z 6 [Warning] 'tables_priv' entry 'sys_config mysql.sys@localhost' ignored in --skip-name-resolve mode.
2019-08-01T22:48:40.395307Z 0 [Note] InnoDB: page_cleaner: 1000ms intended loop took 2042951ms. The settings might not be optimal. (flushed=0 and evicted=0, during the time.)
2019-08-02T13:59:31.215089Z 0 [Note] InnoDB: page_cleaner: 1000ms intended loop took 41637737ms. The settings might not be optimal. (flushed=0 and evicted=0, during the time.)
2019-08-02T15:10:27.945358Z 0 [Note] InnoDB: page_cleaner: 1000ms intended loop took 1226830ms. The settings might not be optimal. (flushed=0 and evicted=0, during the time.)
2019-08-02T17:07:39.934340Z 0 [Note] InnoDB: page_cleaner: 1000ms intended loop took 68575ms. The settings might not be optimal. (flushed=0 and evicted=0, during the time.)
2019-08-02T19:42:02.039768Z 0 [Note] InnoDB: page_cleaner: 1000ms intended loop took 335384ms. The settings might not be optimal. (flushed=0 and evicted=0, during the time.)
2019-08-02T20:41:35.505359Z 0 [Note] InnoDB: page_cleaner: 1000ms intended loop took 181801ms. The settings might not be optimal. (flushed=0 and evicted=0, during the time.)
2019-08-02T23:53:00.166159Z 0 [Note] InnoDB: page_cleaner: 1000ms intended loop took 7936882ms. The settings might not be optimal. (flushed=0 and evicted=0, during the time.)
2019-08-03T01:23:15.502011Z 0 [Note] Giving 0 client threads a chance to die gracefully
2019-08-03T01:23:15.502792Z 0 [Note] Shutting down slave threads
2019-08-03T01:23:15.502802Z 0 [Note] Forcefully disconnecting 0 remaining clients
2019-08-03T01:23:15.502808Z 0 [Note] Event Scheduler: Purging the queue. 0 events
2019-08-03T01:23:15.502841Z 0 [Note] Binlog end
2019-08-03T01:23:15.503703Z 0 [Note] Shutting down plugin 'ngram'
2019-08-03T01:23:15.503714Z 0 [Note] Shutting down plugin 'partition'
2019-08-03T01:23:15.503717Z 0 [Note] Shutting down plugin 'BLACKHOLE'
2019-08-03T01:23:15.503723Z 0 [Note] Shutting down plugin 'ARCHIVE'
2019-08-03T01:23:15.503725Z 0 [Note] Shutting down plugin 'PERFORMANCE_SCHEMA'
2019-08-03T01:23:15.503740Z 0 [Note] Shutting down plugin 'MRG_MYISAM'
2019-08-03T01:23:15.503743Z 0 [Note] Shutting down plugin 'MyISAM'
2019-08-03T01:23:15.503750Z 0 [Note] Shutting down plugin 'INNODB_SYS_VIRTUAL'
2019-08-03T01:23:15.503753Z 0 [Note] Shutting down plugin 'INNODB_SYS_DATAFILES'
2019-08-03T01:23:15.503755Z 0 [Note] Shutting down plugin 'INNODB_SYS_TABLESPACES'
2019-08-03T01:23:15.503756Z 0 [Note] Shutting down plugin 'INNODB_SYS_FOREIGN_COLS'
2019-08-03T01:23:15.503758Z 0 [Note] Shutting down plugin 'INNODB_SYS_FOREIGN'
2019-08-03T01:23:15.503760Z 0 [Note] Shutting down plugin 'INNODB_SYS_FIELDS'
2019-08-03T01:23:15.503762Z 0 [Note] Shutting down plugin 'INNODB_SYS_COLUMNS'
2019-08-03T01:23:15.503763Z 0 [Note] Shutting down plugin 'INNODB_SYS_INDEXES'
2019-08-03T01:23:15.503765Z 0 [Note] Shutting down plugin 'INNODB_SYS_TABLESTATS'
2019-08-03T01:23:15.503767Z 0 [Note] Shutting down plugin 'INNODB_SYS_TABLES'
2019-08-03T01:23:15.503769Z 0 [Note] Shutting down plugin 'INNODB_FT_INDEX_TABLE'
2019-08-03T01:23:15.503771Z 0 [Note] Shutting down plugin 'INNODB_FT_INDEX_CACHE'
2019-08-03T01:23:15.503772Z 0 [Note] Shutting down plugin 'INNODB_FT_CONFIG'
2019-08-03T01:23:15.503774Z 0 [Note] Shutting down plugin 'INNODB_FT_BEING_DELETED'
2019-08-03T01:23:15.503776Z 0 [Note] Shutting down plugin 'INNODB_FT_DELETED'
2019-08-03T01:23:15.503778Z 0 [Note] Shutting down plugin 'INNODB_FT_DEFAULT_STOPWORD'
2019-08-03T01:23:15.503780Z 0 [Note] Shutting down plugin 'INNODB_METRICS'
2019-08-03T01:23:15.503781Z 0 [Note] Shutting down plugin 'INNODB_TEMP_TABLE_INFO'
2019-08-03T01:23:15.503783Z 0 [Note] Shutting down plugin 'INNODB_BUFFER_POOL_STATS'
2019-08-03T01:23:15.503785Z 0 [Note] Shutting down plugin 'INNODB_BUFFER_PAGE_LRU'
2019-08-03T01:23:15.503787Z 0 [Note] Shutting down plugin 'INNODB_BUFFER_PAGE'
2019-08-03T01:23:15.503789Z 0 [Note] Shutting down plugin 'INNODB_CMP_PER_INDEX_RESET'
2019-08-03T01:23:15.503790Z 0 [Note] Shutting down plugin 'INNODB_CMP_PER_INDEX'
2019-08-03T01:23:15.503792Z 0 [Note] Shutting down plugin 'INNODB_CMPMEM_RESET'
2019-08-03T01:23:15.503794Z 0 [Note] Shutting down plugin 'INNODB_CMPMEM'
2019-08-03T01:23:15.503796Z 0 [Note] Shutting down plugin 'INNODB_CMP_RESET'
2019-08-03T01:23:15.503797Z 0 [Note] Shutting down plugin 'INNODB_CMP'
2019-08-03T01:23:15.503799Z 0 [Note] Shutting down plugin 'INNODB_LOCK_WAITS'
2019-08-03T01:23:15.503801Z 0 [Note] Shutting down plugin 'INNODB_LOCKS'
2019-08-03T01:23:15.503802Z 0 [Note] Shutting down plugin 'INNODB_TRX'
2019-08-03T01:23:15.503804Z 0 [Note] Shutting down plugin 'InnoDB'
2019-08-03T01:23:15.503838Z 0 [Note] InnoDB: FTS optimize thread exiting.
2019-08-03T01:23:15.504037Z 0 [Note] InnoDB: Starting shutdown...
2019-08-03T01:23:15.604915Z 0 [Note] InnoDB: Dumping buffer pool(s) to /var/lib/mysql/ib_buffer_pool
2019-08-03T01:23:15.605946Z 0 [Note] InnoDB: Buffer pool(s) dump completed at 190803  1:23:15
2019-08-03T01:23:16.913409Z 0 [Note] InnoDB: Shutdown completed; log sequence number 4066660
2019-08-03T01:23:16.913584Z 0 [Note] InnoDB: Removed temporary tablespace data file: "ibtmp1"
2019-08-03T01:23:16.913594Z 0 [Note] Shutting down plugin 'MEMORY'
2019-08-03T01:23:16.913598Z 0 [Note] Shutting down plugin 'CSV'
2019-08-03T01:23:16.913600Z 0 [Note] Shutting down plugin 'sha256_password'
2019-08-03T01:23:16.913602Z 0 [Note] Shutting down plugin 'mysql_native_password'
2019-08-03T01:23:16.913684Z 0 [Note] Shutting down plugin 'binlog'
2019-08-03T01:23:16.913950Z 0 [Note] /usr/sbin/mysqld: Shutdown complete

2019-08-03T01:23:25.857496Z 0 [Warning] TIMESTAMP with implicit DEFAULT value is deprecated. Please use --explicit_defaults_for_timestamp server option (see documentation for more details).
2019-08-03T01:23:25.857728Z 0 [Note] /usr/sbin/mysqld (mysqld 5.7.23) starting as process 75 ...
2019-08-03T01:23:25.869145Z 0 [Note] InnoDB: PUNCH HOLE support available
2019-08-03T01:23:25.869166Z 0 [Note] InnoDB: Mutexes and rw_locks use GCC atomic builtins
2019-08-03T01:23:25.869170Z 0 [Note] InnoDB: Uses event mutexes
2019-08-03T01:23:25.869172Z 0 [Note] InnoDB: GCC builtin __atomic_thread_fence() is used for memory barrier
2019-08-03T01:23:25.869175Z 0 [Note] InnoDB: Compressed tables use zlib 1.2.3
2019-08-03T01:23:25.869177Z 0 [Note] InnoDB: Using Linux native AIO
2019-08-03T01:23:25.869322Z 0 [Note] InnoDB: Number of pools: 1
2019-08-03T01:23:25.869390Z 0 [Note] InnoDB: Using CPU crc32 instructions
2019-08-03T01:23:25.870449Z 0 [Note] InnoDB: Initializing buffer pool, total size = 32M, instances = 1, chunk size = 32M
2019-08-03T01:23:25.872277Z 0 [Note] InnoDB: Completed initialization of buffer pool
2019-08-03T01:23:25.876841Z 0 [Note] InnoDB: If the mysqld execution user is authorized, page cleaner thread priority can be changed. See the man page of setpriority().
2019-08-03T01:23:25.884682Z 0 [Note] InnoDB: Highest supported file format is Barracuda.
2019-08-03T01:23:25.895717Z 0 [Note] InnoDB: Creating shared tablespace for temporary tables
2019-08-03T01:23:25.895778Z 0 [Note] InnoDB: Setting file './ibtmp1' size to 12 MB. Physically writing the file full; Please wait ...
2019-08-03T01:23:25.917850Z 0 [Note] InnoDB: File './ibtmp1' size is now 12 MB.
2019-08-03T01:23:25.918351Z 0 [Note] InnoDB: 96 redo rollback segment(s) found. 96 redo rollback segment(s) are active.
2019-08-03T01:23:25.918365Z 0 [Note] InnoDB: 32 non-redo rollback segment(s) are active.
2019-08-03T01:23:25.919210Z 0 [Note] InnoDB: Waiting for purge to start
2019-08-03T01:23:25.970071Z 0 [Note] InnoDB: 5.7.23 started; log sequence number 4066660
2019-08-03T01:23:25.970279Z 0 [Note] Plugin 'FEDERATED' is disabled.
2019-08-03T01:23:25.972109Z 0 [Warning] Failed to set up SSL because of the following SSL library error: SSL context is not usable without certificate and private key
2019-08-03T01:23:25.972117Z 0 [Note] Server hostname (bind-address): '*'; port: 3306
2019-08-03T01:23:25.972145Z 0 [Note] IPv6 is available.
2019-08-03T01:23:25.972151Z 0 [Note]   - '::' resolves to '::';
2019-08-03T01:23:25.972155Z 0 [Note] Server socket created on IP: '::'.
2019-08-03T01:23:25.972826Z 0 [Note] InnoDB: Loading buffer pool(s) from /var/lib/mysql/ib_buffer_pool
2019-08-03T01:23:25.973519Z 0 [Warning] 'user' entry 'root@localhost' ignored in --skip-name-resolve mode.
2019-08-03T01:23:25.973535Z 0 [Warning] 'user' entry 'mysql.session@localhost' ignored in --skip-name-resolve mode.
2019-08-03T01:23:25.973541Z 0 [Warning] 'user' entry 'mysql.sys@localhost' ignored in --skip-name-resolve mode.
2019-08-03T01:23:25.973552Z 0 [Warning] 'db' entry 'performance_schema mysql.session@localhost' ignored in --skip-name-resolve mode.
2019-08-03T01:23:25.973555Z 0 [Warning] 'db' entry 'sys mysql.sys@localhost' ignored in --skip-name-resolve mode.
2019-08-03T01:23:25.973561Z 0 [Warning] 'proxies_priv' entry '@ root@localhost' ignored in --skip-name-resolve mode.
2019-08-03T01:23:25.974308Z 0 [Warning] 'tables_priv' entry 'user mysql.session@localhost' ignored in --skip-name-resolve mode.
2019-08-03T01:23:25.974316Z 0 [Warning] 'tables_priv' entry 'sys_config mysql.sys@localhost' ignored in --skip-name-resolve mode.
2019-08-03T01:23:25.987403Z 0 [Note] InnoDB: Buffer pool(s) load completed at 190803  1:23:25
2019-08-03T01:23:25.989058Z 0 [Note] Event Scheduler: Loaded 0 events
2019-08-03T01:23:25.989169Z 0 [Note] /usr/sbin/mysqld: ready for connections.
Version: '5.7.23'  socket: '/var/run/mysqld/mysqld.sock'  port: 3306  MySQL Community Server (GPL)
2019-08-03T13:07:59.413209Z 0 [Note] InnoDB: page_cleaner: 1000ms intended loop took 36859113ms. The settings might not be optimal. (flushed=0 and evicted=0, during the time.)
2019-08-03T14:24:10.990170Z 0 [Note] InnoDB: page_cleaner: 1000ms intended loop took 4432472ms. The settings might not be optimal. (flushed=0 and evicted=0, during the time.)
2019-08-03T16:33:04.058173Z 0 [Note] InnoDB: page_cleaner: 1000ms intended loop took 7724066ms. The settings might not be optimal. (flushed=0 and evicted=0, during the time.)
2019-08-03T20:08:22.441458Z 0 [Note] InnoDB: page_cleaner: 1000ms intended loop took 1918423ms. The settings might not be optimal. (flushed=0 and evicted=0, during the time.)
2019-08-03T21:10:17.512185Z 0 [Note] InnoDB: page_cleaner: 1000ms intended loop took 3225838ms. The settings might not be optimal. (flushed=0 and evicted=0, during the time.)
2019-08-04T00:49:36.699167Z 0 [Note] InnoDB: page_cleaner: 1000ms intended loop took 3548763ms. The settings might not be optimal. (flushed=0 and evicted=0, during the time.)
2019-08-04T03:32:29.597724Z 0 [Warning] TIMESTAMP with implicit DEFAULT value is deprecated. Please use --explicit_defaults_for_timestamp server option (see documentation for more details).
2019-08-04T03:32:29.601824Z 0 [Note] /usr/sbin/mysqld (mysqld 5.7.23) starting as process 78 ...
2019-08-04T03:32:29.635584Z 0 [Note] InnoDB: PUNCH HOLE support available
2019-08-04T03:32:29.635618Z 0 [Note] InnoDB: Mutexes and rw_locks use GCC atomic builtins
2019-08-04T03:32:29.635622Z 0 [Note] InnoDB: Uses event mutexes
2019-08-04T03:32:29.635625Z 0 [Note] InnoDB: GCC builtin __atomic_thread_fence() is used for memory barrier
2019-08-04T03:32:29.635628Z 0 [Note] InnoDB: Compressed tables use zlib 1.2.3
2019-08-04T03:32:29.635631Z 0 [Note] InnoDB: Using Linux native AIO
2019-08-04T03:32:29.637905Z 0 [Note] InnoDB: Number of pools: 1
2019-08-04T03:32:29.641596Z 0 [Note] InnoDB: Using CPU crc32 instructions
2019-08-04T03:32:29.644556Z 0 [Note] InnoDB: Initializing buffer pool, total size = 32M, instances = 1, chunk size = 32M
2019-08-04T03:32:29.647731Z 0 [Note] InnoDB: Completed initialization of buffer pool
2019-08-04T03:32:29.654043Z 0 [Note] InnoDB: If the mysqld execution user is authorized, page cleaner thread priority can be changed. See the man page of setpriority().
2019-08-04T03:32:29.666346Z 0 [Note] InnoDB: Highest supported file format is Barracuda.
2019-08-04T03:32:29.668961Z 0 [Note] InnoDB: Log scan progressed past the checkpoint lsn 4386507
2019-08-04T03:32:29.668978Z 0 [Note] InnoDB: Doing recovery: scanned up to log sequence number 4386516
2019-08-04T03:32:29.668982Z 0 [Note] InnoDB: Database was not shutdown normally!
2019-08-04T03:32:29.668985Z 0 [Note] InnoDB: Starting crash recovery.
2019-08-04T03:32:29.838923Z 0 [Note] InnoDB: Removed temporary tablespace data file: "ibtmp1"
2019-08-04T03:32:29.838943Z 0 [Note] InnoDB: Creating shared tablespace for temporary tables
2019-08-04T03:32:29.838980Z 0 [Note] InnoDB: Setting file './ibtmp1' size to 12 MB. Physically writing the file full; Please wait ...
2019-08-04T03:32:29.860939Z 0 [Note] InnoDB: File './ibtmp1' size is now 12 MB.
2019-08-04T03:32:29.862886Z 0 [Note] InnoDB: 96 redo rollback segment(s) found. 96 redo rollback segment(s) are active.
2019-08-04T03:32:29.862901Z 0 [Note] InnoDB: 32 non-redo rollback segment(s) are active.
2019-08-04T03:32:29.875479Z 0 [Note] InnoDB: Waiting for purge to start
2019-08-04T03:32:29.929178Z 0 [Note] InnoDB: 5.7.23 started; log sequence number 4386516
2019-08-04T03:32:29.932031Z 0 [Note] Plugin 'FEDERATED' is disabled.
2019-08-04T03:32:29.933125Z 0 [Note] InnoDB: Loading buffer pool(s) from /var/lib/mysql/ib_buffer_pool
2019-08-04T03:32:29.935628Z 0 [Note] InnoDB: Buffer pool(s) load completed at 190804  3:32:29
2019-08-04T03:32:29.939135Z 0 [Warning] Failed to set up SSL because of the following SSL library error: SSL context is not usable without certificate and private key
2019-08-04T03:32:29.939152Z 0 [Note] Server hostname (bind-address): '*'; port: 3306
2019-08-04T03:32:29.939347Z 0 [Note] IPv6 is available.
2019-08-04T03:32:29.939630Z 0 [Note]   - '::' resolves to '::';
2019-08-04T03:32:29.939643Z 0 [Note] Server socket created on IP: '::'.
2019-08-04T03:32:29.949313Z 0 [Warning] 'user' entry 'root@localhost' ignored in --skip-name-resolve mode.
2019-08-04T03:32:29.949353Z 0 [Warning] 'user' entry 'mysql.session@localhost' ignored in --skip-name-resolve mode.
2019-08-04T03:32:29.949361Z 0 [Warning] 'user' entry 'mysql.sys@localhost' ignored in --skip-name-resolve mode.
2019-08-04T03:32:29.949671Z 0 [Warning] 'db' entry 'performance_schema mysql.session@localhost' ignored in --skip-name-resolve mode.
2019-08-04T03:32:29.949681Z 0 [Warning] 'db' entry 'sys mysql.sys@localhost' ignored in --skip-name-resolve mode.
2019-08-04T03:32:29.949977Z 0 [Warning] 'proxies_priv' entry '@ root@localhost' ignored in --skip-name-resolve mode.
2019-08-04T03:32:29.954042Z 0 [Warning] 'tables_priv' entry 'user mysql.session@localhost' ignored in --skip-name-resolve mode.
2019-08-04T03:32:29.954063Z 0 [Warning] 'tables_priv' entry 'sys_config mysql.sys@localhost' ignored in --skip-name-resolve mode.
2019-08-04T03:32:29.982923Z 0 [Note] Event Scheduler: Loaded 0 events
2019-08-04T03:32:29.994345Z 0 [Note] /usr/sbin/mysqld: ready for connections.
Version: '5.7.23'  socket: '/var/run/mysqld/mysqld.sock'  port: 3306  MySQL Community Server (GPL)
