2019-08-01 20:45:35,046 CRIT Supervisor running as root (no user in config file)
2019-08-01 20:45:35,046 INFO Included extra file "/etc/supervisor/conf.d/supervisord.conf" during parsing
2019-08-01 20:45:35,070 INFO RPC interface 'supervisor' initialized
2019-08-01 20:45:35,070 CRIT Server 'unix_http_server' running without any HTTP authentication checking
2019-08-01 20:45:35,070 INFO supervisord started with pid 1
2019-08-01 20:45:36,074 INFO spawned: 'varnishd' with pid 15
2019-08-01 20:45:36,077 INFO spawned: 'php-fpm' with pid 16
2019-08-01 20:45:36,081 INFO spawned: 'varnish-plugins-watcher' with pid 17
2019-08-01 20:45:36,093 INFO spawned: 'nginx' with pid 18
2019-08-01 20:45:36,108 INFO spawned: 'MailHog' with pid 19
2019-08-01 20:45:36,127 INFO spawned: 'mysql' with pid 20
2019-08-01 20:45:36,151 INFO spawned: 'varnish-themes-watcher' with pid 23
2019-08-01 20:45:37,384 INFO success: varnishd entered RUNNING state, process has stayed up for > than 1 seconds (startsecs)
2019-08-01 20:45:37,385 INFO success: php-fpm entered RUNNING state, process has stayed up for > than 1 seconds (startsecs)
2019-08-01 20:45:37,385 INFO success: varnish-plugins-watcher entered RUNNING state, process has stayed up for > than 1 seconds (startsecs)
2019-08-01 20:45:37,385 INFO success: nginx entered RUNNING state, process has stayed up for > than 1 seconds (startsecs)
2019-08-01 20:45:37,385 INFO success: MailHog entered RUNNING state, process has stayed up for > than 1 seconds (startsecs)
2019-08-01 20:45:37,385 INFO success: mysql entered RUNNING state, process has stayed up for > than 1 seconds (startsecs)
2019-08-01 20:45:37,385 INFO success: varnish-themes-watcher entered RUNNING state, process has stayed up for > than 1 seconds (startsecs)
2019-08-03 01:23:15,493 WARN received SIGTERM indicating exit request
2019-08-03 01:23:15,493 INFO waiting for varnishd, php-fpm, varnish-plugins-watcher, nginx, MailHog, mysql, varnish-themes-watcher to die
2019-08-03 01:23:15,493 INFO stopped: varnish-themes-watcher (terminated by SIGTERM)
2019-08-03 01:23:15,508 INFO stopped: mysql (exit status 0)
2019-08-03 01:23:15,509 INFO stopped: MailHog (terminated by SIGTERM)
2019-08-03 01:23:15,512 INFO stopped: nginx (exit status 0)
2019-08-03 01:23:16,513 INFO stopped: varnish-plugins-watcher (terminated by SIGTERM)
2019-08-03 01:23:16,523 INFO stopped: php-fpm (exit status 0)
2019-08-03 01:23:16,959 INFO reaped unknown pid 33
2019-08-03 01:23:17,592 INFO stopped: varnishd (exit status 0)
2019-08-03 01:23:24,360 CRIT Supervisor running as root (no user in config file)
2019-08-03 01:23:24,360 INFO Included extra file "/etc/supervisor/conf.d/supervisord.conf" during parsing
2019-08-03 01:23:24,407 INFO RPC interface 'supervisor' initialized
2019-08-03 01:23:24,407 CRIT Server 'unix_http_server' running without any HTTP authentication checking
2019-08-03 01:23:24,408 INFO supervisord started with pid 1
2019-08-03 01:23:25,412 INFO spawned: 'varnishd' with pid 55
2019-08-03 01:23:25,414 INFO spawned: 'php-fpm' with pid 56
2019-08-03 01:23:25,416 INFO spawned: 'varnish-plugins-watcher' with pid 57
2019-08-03 01:23:25,419 INFO spawned: 'nginx' with pid 58
2019-08-03 01:23:25,423 INFO spawned: 'MailHog' with pid 59
2019-08-03 01:23:25,428 INFO spawned: 'mysql' with pid 60
2019-08-03 01:23:25,435 INFO spawned: 'varnish-themes-watcher' with pid 62
2019-08-03 01:23:26,529 INFO success: varnishd entered RUNNING state, process has stayed up for > than 1 seconds (startsecs)
2019-08-03 01:23:26,529 INFO success: php-fpm entered RUNNING state, process has stayed up for > than 1 seconds (startsecs)
2019-08-03 01:23:26,529 INFO success: varnish-plugins-watcher entered RUNNING state, process has stayed up for > than 1 seconds (startsecs)
2019-08-03 01:23:26,529 INFO success: nginx entered RUNNING state, process has stayed up for > than 1 seconds (startsecs)
2019-08-03 01:23:26,530 INFO success: MailHog entered RUNNING state, process has stayed up for > than 1 seconds (startsecs)
2019-08-03 01:23:26,530 INFO success: mysql entered RUNNING state, process has stayed up for > than 1 seconds (startsecs)
2019-08-03 01:23:26,534 INFO success: varnish-themes-watcher entered RUNNING state, process has stayed up for > than 1 seconds (startsecs)
2019-08-04 03:32:27,493 CRIT Supervisor running as root (no user in config file)
2019-08-04 03:32:27,494 INFO Included extra file "/etc/supervisor/conf.d/supervisord.conf" during parsing
2019-08-04 03:32:27,869 INFO RPC interface 'supervisor' initialized
2019-08-04 03:32:27,871 CRIT Server 'unix_http_server' running without any HTTP authentication checking
2019-08-04 03:32:27,878 INFO supervisord started with pid 1
2019-08-04 03:32:28,881 INFO spawned: 'varnishd' with pid 56
2019-08-04 03:32:28,885 INFO spawned: 'php-fpm' with pid 57
2019-08-04 03:32:28,887 INFO spawned: 'varnish-plugins-watcher' with pid 58
2019-08-04 03:32:28,891 INFO spawned: 'nginx' with pid 59
2019-08-04 03:32:28,900 INFO spawned: 'MailHog' with pid 60
2019-08-04 03:32:28,912 INFO spawned: 'mysql' with pid 61
2019-08-04 03:32:28,934 INFO spawned: 'varnish-themes-watcher' with pid 62
2019-08-04 03:32:30,110 INFO success: varnishd entered RUNNING state, process has stayed up for > than 1 seconds (startsecs)
2019-08-04 03:32:30,110 INFO success: php-fpm entered RUNNING state, process has stayed up for > than 1 seconds (startsecs)
2019-08-04 03:32:30,110 INFO success: varnish-plugins-watcher entered RUNNING state, process has stayed up for > than 1 seconds (startsecs)
2019-08-04 03:32:30,110 INFO success: nginx entered RUNNING state, process has stayed up for > than 1 seconds (startsecs)
2019-08-04 03:32:30,110 INFO success: MailHog entered RUNNING state, process has stayed up for > than 1 seconds (startsecs)
2019-08-04 03:32:30,110 INFO success: mysql entered RUNNING state, process has stayed up for > than 1 seconds (startsecs)
2019-08-04 03:32:30,110 INFO success: varnish-themes-watcher entered RUNNING state, process has stayed up for > than 1 seconds (startsecs)
